Ejercicio 5 

esperando! 1.000000
entrando 1.000000
tiempo word 4.000000
esperando! 5.000000
saliendo 5.000000
entrando 5.000000
tiempo word 1.000000
saliendo 6.000000
esperando! 7.000000
entrando 7.000000
tiempo word 4.000000
esperando! 8.000000
entrando 8.000000
tiempo word 1.000000
saliendo 9.000000
saliendo 11.000000
esperando! 12.000000
entrando 12.000000
tiempo word 4.000000
esperando! 14.000000
entrando 14.000000
tiempo word 2.000000
saliendo 16.000000
saliendo 16.000000
esperando! 18.000000
entrando 18.000000
tiempo word 4.000000
esperando! 22.000000
saliendo 22.000000
entrando 22.000000
tiempo word 2.000000
saliendo 24.000000
esperando! 25.000000
entrando 25.000000
tiempo word 4.000000
esperando! 28.000000
entrando 28.000000
tiempo word 1.000000
saliendo 29.000000
saliendo 29.000000
esperando! 31.000000
entrando 31.000000
tiempo word 2.000000
saliendo 33.000000
esperando! 35.000000
entrando 35.000000
tiempo word 1.000000
saliendo 36.000000
esperando! 37.000000
entrando 37.000000
tiempo word 2.000000
saliendo 39.000000
esperando! 41.000000
entrando 41.000000
tiempo word 1.000000
esperando! 42.000000
saliendo 42.000000
entrando 42.000000
tiempo word 3.000000
esperando! 45.000000
saliendo 45.000000
entrando 45.000000
tiempo word 1.000000
saliendo 46.000000
esperando! 47.000000
entrando 47.000000
tiempo word 3.000000
esperando! 48.000000
entrando 48.000000
tiempo word 2.000000
saliendo 50.000000
saliendo 50.000000
esperando! 51.000000
entrando 51.000000
tiempo word 4.000000
esperando! 54.000000
entrando 54.000000
tiempo word 2.000000
saliendo 55.000000
saliendo 56.000000
esperando! 57.000000
entrando 57.000000
tiempo word 3.000000
esperando! 60.000000
saliendo 60.000000
entrando 60.000000
tiempo word 3.000000
esperando! 62.000000
entrando 62.000000
tiempo word 3.000000
saliendo 63.000000
esperando! 65.000000
saliendo 65.000000
entrando 65.000000
tiempo word 1.000000
esperando! 66.000000
saliendo 66.000000
entrando 66.000000
tiempo word 4.000000
esperando! 70.000000
saliendo 70.000000
entrando 70.000000
tiempo word 2.000000
saliendo 72.000000
esperando! 73.000000
entrando 73.000000
tiempo word 2.000000
saliendo 75.000000
esperando! 76.000000
entrando 76.000000
tiempo word 1.000000
saliendo 77.000000
esperando! 80.000000
entrando 80.000000
tiempo word 4.000000
esperando! 84.000000
saliendo 84.000000
entrando 84.000000
tiempo word 1.000000
saliendo 85.000000
esperando! 87.000000
entrando 87.000000
tiempo word 3.000000
esperando! 89.000000
entrando 89.000000
tiempo word 2.000000
saliendo 90.000000
saliendo 91.000000
esperando! 94.000000
entrando 94.000000
tiempo word 2.000000
saliendo 96.000000
esperando! 97.000000
entrando 97.000000
tiempo word 3.000000
esperando! 98.000000
entrando 98.000000
tiempo word 4.000000
saliendo 100.000000
esperando! 101.000000
entrando 101.000000
tiempo word 3.000000
saliendo 102.000000
esperando! 104.000000
saliendo 104.000000
entrando 104.000000
tiempo word 2.000000
saliendo 106.000000
esperando! 108.000000
entrando 108.000000
tiempo word 3.000000
esperando! 111.000000
saliendo 111.000000
entrando 111.000000
tiempo word 4.000000
esperando! 112.000000
entrando 112.000000
tiempo word 1.000000
saliendo 113.000000
saliendo 115.000000
esperando! 115.000000
entrando 115.000000
tiempo word 3.000000
esperando! 117.000000
entrando 117.000000
tiempo word 2.000000
saliendo 118.000000
esperando! 118.000000
entrando 118.000000
tiempo word 4.000000
saliendo 119.000000
esperando! 121.000000
entrando 121.000000
tiempo word 2.000000
saliendo 122.000000
esperando! 123.000000
saliendo 123.000000
entrando 123.000000
tiempo word 4.000000
esperando! 125.000000
entrando 125.000000
tiempo word 2.000000
saliendo 127.000000
esperando! 127.000000
saliendo 127.000000
entrando 127.000000
tiempo word 4.000000
esperando! 131.000000
saliendo 131.000000
entrando 131.000000
tiempo word 3.000000
saliendo 134.000000
esperando! 135.000000
entrando 135.000000
tiempo word 4.000000
esperando! 139.000000
saliendo 139.000000
entrando 139.000000
tiempo word 1.000000
saliendo 140.000000
esperando! 142.000000
entrando 142.000000
tiempo word 4.000000
esperando! 145.000000
entrando 145.000000
tiempo word 3.000000
saliendo 146.000000
esperando! 148.000000
saliendo 148.000000
entrando 148.000000
tiempo word 4.000000
esperando! 150.000000
entrando 150.000000
tiempo word 3.000000
saliendo 152.000000
saliendo 153.000000
esperando! 155.000000
entrando 155.000000
tiempo word 3.000000
esperando! 156.000000
entrando 156.000000
tiempo word 2.000000
saliendo 158.000000
esperando! 158.000000
saliendo 158.000000
entrando 158.000000
tiempo word 2.000000
esperando! 160.000000
saliendo 160.000000
entrando 160.000000
tiempo word 2.000000
saliendo 162.000000
esperando! 163.000000
entrando 163.000000
tiempo word 2.000000
esperando! 164.000000
entrando 164.000000
tiempo word 2.000000
saliendo 165.000000
esperando! 166.000000
saliendo 166.000000
entrando 166.000000
tiempo word 4.000000
esperando! 167.000000
entrando 167.000000
tiempo word 1.000000
esperando! 168.000000
saliendo 168.000000
entrando 168.000000
tiempo word 3.000000
saliendo 170.000000
saliendo 171.000000
esperando! 172.000000
entrando 172.000000
tiempo word 3.000000
esperando! 174.000000
entrando 174.000000
tiempo word 3.000000
saliendo 175.000000
esperando! 176.000000
entrando 176.000000
tiempo word 3.000000
saliendo 177.000000
esperando! 177.000000
entrando 177.000000
tiempo word 2.000000
saliendo 179.000000
esperando! 179.000000
saliendo 179.000000
entrando 179.000000
tiempo word 2.000000
esperando! 180.000000
entrando 180.000000
tiempo word 3.000000
saliendo 181.000000
esperando! 181.000000
entrando 181.000000
tiempo word 3.000000
saliendo 183.000000
esperando! 184.000000
saliendo 184.000000
entrando 184.000000
tiempo word 4.000000
esperando! 188.000000
saliendo 188.000000
entrando 188.000000
tiempo word 3.000000
esperando! 190.000000
entrando 190.000000
tiempo word 2.000000
saliendo 191.000000
esperando! 191.000000
entrando 191.000000
tiempo word 2.000000
saliendo 192.000000
saliendo 193.000000
esperando! 195.000000
entrando 195.000000
tiempo word 4.000000
esperando! 199.000000
saliendo 199.000000
entrando 199.000000
tiempo word 2.000000
saliendo 201.000000
esperando! 202.000000
entrando 202.000000
tiempo word 3.000000
esperando! 205.000000
saliendo 205.000000
entrando 205.000000
tiempo word 3.000000
saliendo 208.000000
esperando! 209.000000
entrando 209.000000
tiempo word 2.000000
esperando! 211.000000
saliendo 211.000000
entrando 211.000000
tiempo word 1.000000
saliendo 212.000000
esperando! 214.000000
entrando 214.000000
tiempo word 3.000000
esperando! 216.000000
entrando 216.000000
tiempo word 1.000000
saliendo 217.000000
saliendo 217.000000
esperando! 219.000000
entrando 219.000000
tiempo word 2.000000
saliendo 221.000000
esperando! 222.000000
entrando 222.000000
tiempo word 2.000000
esperando! 224.000000
saliendo 224.000000
entrando 224.000000
tiempo word 4.000000
esperando! 227.000000
entrando 227.000000
tiempo word 2.000000
saliendo 228.000000
saliendo 229.000000
esperando! 232.000000
entrando 232.000000
tiempo word 3.000000
saliendo 235.000000
esperando! 236.000000
entrando 236.000000
tiempo word 3.000000
saliendo 239.000000
esperando! 241.000000
entrando 241.000000
tiempo word 2.000000
esperando! 242.000000
entrando 242.000000
tiempo word 1.000000
saliendo 243.000000
saliendo 243.000000
esperando! 244.000000
entrando 244.000000
tiempo word 3.000000
esperando! 247.000000
saliendo 247.000000
entrando 247.000000
tiempo word 3.000000
esperando! 249.000000
entrando 249.000000
tiempo word 4.000000
saliendo 250.000000
esperando! 250.000000
entrando 250.000000
tiempo word 2.000000
saliendo 252.000000
saliendo 253.000000
esperando! 254.000000
entrando 254.000000
tiempo word 4.000000
esperando! 256.000000
entrando 256.000000
tiempo word 3.000000
saliendo 258.000000
esperando! 259.000000
saliendo 259.000000
entrando 259.000000
tiempo word 4.000000
esperando! 263.000000
saliendo 263.000000
entrando 263.000000
tiempo word 2.000000
esperando! 264.000000
entrando 264.000000
tiempo word 2.000000
saliendo 265.000000
esperando! 266.000000
saliendo 266.000000
entrando 266.000000
tiempo word 3.000000
esperando! 268.000000
entrando 268.000000
tiempo word 4.000000
saliendo 269.000000
esperando! 269.000000
entrando 269.000000
tiempo word 2.000000
saliendo 271.000000
saliendo 272.000000
esperando! 273.000000
entrando 273.000000
tiempo word 2.000000
esperando! 275.000000
saliendo 275.000000
entrando 275.000000
tiempo word 2.000000
saliendo 277.000000
esperando! 279.000000
entrando 279.000000
tiempo word 4.000000
esperando! 280.000000
entrando 280.000000
tiempo word 3.000000
saliendo 283.000000
esperando! 283.000000
saliendo 283.000000
entrando 283.000000
tiempo word 3.000000
saliendo 286.000000
esperando! 287.000000
entrando 287.000000
tiempo word 3.000000
esperando! 290.000000
saliendo 290.000000
entrando 290.000000
tiempo word 4.000000
esperando! 293.000000
entrando 293.000000
tiempo word 2.000000
saliendo 294.000000
saliendo 295.000000
esperando! 297.000000
entrando 297.000000
tiempo word 3.000000
esperando! 300.000000
saliendo 300.000000
entrando 300.000000
tiempo word 1.000000
saliendo 301.000000
esperando! 303.000000
entrando 303.000000
tiempo word 2.000000
saliendo 305.000000
esperando! 307.000000
entrando 307.000000
tiempo word 2.000000
saliendo 309.000000
esperando! 311.000000
entrando 311.000000
tiempo word 2.000000
saliendo 313.000000
esperando! 314.000000
entrando 314.000000
tiempo word 1.000000
saliendo 315.000000
esperando! 316.000000
entrando 316.000000
tiempo word 4.000000
esperando! 320.000000
saliendo 320.000000
entrando 320.000000
tiempo word 1.000000
saliendo 321.000000
esperando! 324.000000
entrando 324.000000
tiempo word 4.000000
esperando! 327.000000
entrando 327.000000
tiempo word 3.000000
saliendo 328.000000
esperando! 330.000000
saliendo 330.000000
entrando 330.000000
tiempo word 4.000000
esperando! 334.000000
saliendo 334.000000
entrando 334.000000
tiempo word 3.000000
esperando! 336.000000
entrando 336.000000
tiempo word 3.000000
saliendo 337.000000
esperando! 337.000000
entrando 337.000000
tiempo word 3.000000
saliendo 339.000000
esperando! 339.000000
entrando 339.000000
tiempo word 3.000000
saliendo 340.000000
esperando! 340.000000
entrando 340.000000
tiempo word 2.000000
saliendo 342.000000
esperando! 342.000000
saliendo 342.000000
entrando 342.000000
tiempo word 3.000000
esperando! 344.000000
entrando 344.000000
tiempo word 1.000000
saliendo 345.000000
saliendo 345.000000
esperando! 348.000000
entrando 348.000000
tiempo word 4.000000
esperando! 352.000000
saliendo 352.000000
entrando 352.000000
tiempo word 3.000000
esperando! 354.000000
entrando 354.000000
tiempo word 4.000000
saliendo 355.000000
esperando! 356.000000
entrando 356.000000
tiempo word 1.000000
saliendo 357.000000
saliendo 358.000000
esperando! 358.000000
entrando 358.000000
tiempo word 4.000000
saliendo 362.000000
esperando! 363.000000
entrando 363.000000
tiempo word 3.000000
a) El tiempo de espera promedio fue: 0.000000
b) El numero de tanques en el puerto fue: 134.000000
c)
   Terminal A estuvo desocupada el 41% del tiempo total
   Terminal B estuvo desocupada el 63% del tiempo total
Ejercicio 5 

esperando! 1.000000
entrando 1.000000
tiempo word 4.000000
esperando! 3.000000
entrando 3.000000
tiempo word 3.000000
saliendo 5.000000
saliendo 6.000000
esperando! 7.000000
entrando 7.000000
tiempo word 4.000000
esperando! 10.000000
entrando 10.000000
tiempo word 2.000000
saliendo 11.000000
esperando! 11.000000
entrando 11.000000
tiempo word 4.000000
saliendo 12.000000
esperando! 14.000000
entrando 14.000000
tiempo word 2.000000
saliendo 15.000000
esperando! 16.000000
saliendo 16.000000
entrando 16.000000
tiempo word 4.000000
saliendo 20.000000
esperando! 21.000000
entrando 21.000000
tiempo word 1.000000
saliendo 22.000000
esperando! 24.000000
entrando 24.000000
tiempo word 3.000000
esperando! 27.000000
saliendo 27.000000
entrando 27.000000
tiempo word 1.000000
saliendo 28.000000
a) El tiempo de espera promedio fue: 0.000000
b) El numero de tanques en el puerto fue: 10.000000
c)
   Terminal A estuvo desocupada el 37% del tiempo total
   Terminal B estuvo desocupada el 70% del tiempo total
